[INFO] Scanning for projects...
[INFO] 
[INFO] ------------------< com.student.demo:ai-code-review >-------------------
[INFO] Building ai-code-review 0.0.1-SNAPSHOT
[INFO]   from pom.xml
[INFO] --------------------------------[ jar ]---------------------------------
[INFO] 
[INFO] --- clean:3.3.2:clean (default-clean) @ ai-code-review ---
[INFO] Deleting D:\SpringToolSuit\ai-code-review\target
[INFO] 
[INFO] --- resources:3.3.1:resources (default-resources) @ ai-code-review ---
[INFO] Copying 3 resources from src\main\resources to target\classes
[INFO] Copying 0 resource from src\main\resources to target\classes
[INFO] 
[INFO] --- compiler:3.11.0:compile (default-compile) @ ai-code-review ---
[INFO] Changes detected - recompiling the module! :source
[INFO] Compiling 33 source files with javac [debug release 17] to target\classes
[INFO] -------------------------------------------------------------
[ERROR] COMPILATION ERROR : 
[INFO] -------------------------------------------------------------
[ERROR] /D:/SpringToolSuit/ai-code-review/src/main/java/com/student/demo/AiCodeReviewApplication.java:[5,58] package org.springframework.boot.persistence.autoconfigure does not exist
[ERROR] /D:/SpringToolSuit/ai-code-review/src/main/java/com/student/demo/AiCodeReviewApplication.java:[10,2] cannot find symbol
  symbol: class EntityScan
[INFO] 2 errors 
[INFO] -------------------------------------------------------------
[INFO] ------------------------------------------------------------------------
[INFO] BUILD FAILURE
[INFO] ------------------------------------------------------------------------
[INFO] Total time:  5.959 s
[INFO] Finished at: 2026-04-05T02:25:15+05:30
[INFO] ------------------------------------------------------------------------
[ERROR] Failed to execute goal org.apache.maven.plugins:maven-compiler-plugin:3.11.0:compile (default-compile) on project ai-code-review: Compilation failure: Compilation failure: 
[ERROR] /D:/SpringToolSuit/ai-code-review/src/main/java/com/student/demo/AiCodeReviewApplication.java:[5,58] package org.springframework.boot.persistence.autoconfigure does not exist
[ERROR] /D:/SpringToolSuit/ai-code-review/src/main/java/com/student/demo/AiCodeReviewApplication.java:[10,2] cannot find symbol
[ERROR]   symbol: class EntityScan
[ERROR] -> [Help 1]
[ERROR] 
[ERROR] To see the full stack trace of the errors, re-run Maven with the -e switch.
[ERROR] Re-run Maven using the -X switch to enable full debug logging.
[ERROR] 
[ERROR] For more information about the errors and possible solutions, please read the following articles:
[ERROR] [Help 1] http://cwiki.apache.org/confluence/display/MAVEN/MojoFailureException
